android/app/build/intermediates/manifest_merge_blame_file/release/manifest-merger-blame-release-report.txt
1<?xml version="1.0" encoding="utf-8"?>
2<manifest xmlns:android="http://schemas.android.com/apk/res/android"
3    package="com.zype.app"
4    android:versionCode="1"
5    android:versionName="1.0" >
6
7    <uses-sdk
8        android:minSdkVersion="21"
8-->src/main/AndroidManifest.xml
9        android:targetSdkVersion="31" />
9-->src/main/AndroidManifest.xml
10
11    <uses-permission android:name="android.permission.INTERNET" />
11-->src/main/AndroidManifest.xml:4:5-67
11-->src/main/AndroidManifest.xml:4:22-64
12    <uses-permission android:name="android.permission.ACCESS_NETWORK_STATE" />
12-->src/main/AndroidManifest.xml:5:5-79
12-->src/main/AndroidManifest.xml:5:22-76
13    <uses-permission android:name="android.permission.READ_CONTACTS" />
13-->src/main/AndroidManifest.xml:6:5-72
13-->src/main/AndroidManifest.xml:6:22-69
14    <uses-permission android:name="android.permission.WRITE_CONTACTS" />
14-->src/main/AndroidManifest.xml:7:5-73
14-->src/main/AndroidManifest.xml:7:22-70
15    <uses-permission android:name="android.permission.READ_PROFILE" />
15-->src/main/AndroidManifest.xml:8:5-71
15-->src/main/AndroidManifest.xml:8:22-68
16    <uses-permission android:name="android.permission.ACCESS_WIFI_STATE" />
16-->[:react-native-community_netinfo] AndroidManifest.xml:10:5-76
16-->[:react-native-community_netinfo] AndroidManifest.xml:10:22-73
17
18    <application
18-->src/main/AndroidManifest.xml:10:5-30:19
19        android:name="com.zype.app.MainApplication"
19-->src/main/AndroidManifest.xml:11:7-38
20        android:allowBackup="false"
20-->src/main/AndroidManifest.xml:15:7-34
21        android:appComponentFactory="androidx.core.app.CoreComponentFactory"
21-->[androidx.core:core:1.6.0] AndroidManifest.xml:24:18-86
22        android:icon="@mipmap/ic_launcher"
22-->src/main/AndroidManifest.xml:13:7-41
23        android:label="@string/app_name"
23-->src/main/AndroidManifest.xml:12:7-39
24        android:roundIcon="@mipmap/ic_launcher_round"
24-->src/main/AndroidManifest.xml:14:7-52
25        android:theme="@style/AppTheme" >
25-->src/main/AndroidManifest.xml:16:7-38
26        <activity
26-->src/main/AndroidManifest.xml:17:7-29:18
27            android:name="com.zype.app.MainActivity"
27-->src/main/AndroidManifest.xml:18:9-37
28            android:configChanges="keyboard|keyboardHidden|orientation|screenLayout|screenSize|smallestScreenSize|uiMode"
28-->src/main/AndroidManifest.xml:21:9-118
29            android:exported="true"
29-->src/main/AndroidManifest.xml:24:9-32
30            android:label="@string/app_name"
30-->src/main/AndroidManifest.xml:19:9-41
31            android:launchMode="singleTask"
31-->src/main/AndroidManifest.xml:22:9-40
32            android:screenOrientation="portrait"
32-->src/main/AndroidManifest.xml:20:9-45
33            android:windowSoftInputMode="adjustResize" >
33-->src/main/AndroidManifest.xml:23:9-51
34            <intent-filter>
34-->src/main/AndroidManifest.xml:25:9-28:25
35                <action android:name="android.intent.action.MAIN" />
35-->src/main/AndroidManifest.xml:26:13-65
35-->src/main/AndroidManifest.xml:26:21-62
36
37                <category android:name="android.intent.category.LAUNCHER" />
37-->src/main/AndroidManifest.xml:27:13-73
37-->src/main/AndroidManifest.xml:27:23-70
38            </intent-filter>
39        </activity>
40    </application>
41
42</manifest>